{"/Users/anduser/Documents/study/testtask/novitaq/src/components/Form/Form.styles.ts": {"path":"/Users/anduser/Documents/study/testtask/novitaq/src/components/Form/Form.styles.ts","statementMap":{"0":{"start":{"line":4,"column":26},"end":{"line":43,"column":2}}},"fnMap":{},"branchMap":{},"s":{"0":2},"f":{},"b":{},"_coverageSchema":"1a1c01bbd47fc00a2c39e90264f33305004495a9","hash":"7ec6cd665a44aedcb763c157962e071faf1d390c"}
,"/Users/anduser/Documents/study/testtask/novitaq/src/components/Form/Form.tsx": {"path":"/Users/anduser/Documents/study/testtask/novitaq/src/components/Form/Form.tsx","statementMap":{"0":{"start":{"line":20,"column":20},"end":{"line":66,"column":1}},"1":{"start":{"line":21,"column":19},"end":{"line":21,"column":32}},"2":{"start":{"line":22,"column":15},"end":{"line":22,"column":38}},"3":{"start":{"line":23,"column":17},"end":{"line":23,"column":42}},"4":{"start":{"line":24,"column":16},"end":{"line":24,"column":47}},"5":{"start":{"line":25,"column":17},"end":{"line":25,"column":49}},"6":{"start":{"line":27,"column":28},"end":{"line":27,"column":40}},"7":{"start":{"line":29,"column":22},"end":{"line":32,"column":3}},"8":{"start":{"line":30,"column":4},"end":{"line":30,"column":31}},"9":{"start":{"line":31,"column":4},"end":{"line":31,"column":17}},"10":{"start":{"line":34,"column":22},"end":{"line":34,"column":65}},"11":{"start":{"line":36,"column":2},"end":{"line":65,"column":4}}},"fnMap":{"0":{"name":"(anonymous_0)","decl":{"start":{"line":20,"column":20},"end":{"line":20,"column":21}},"loc":{"start":{"line":20,"column":26},"end":{"line":66,"column":1}},"line":20},"1":{"name":"(anonymous_1)","decl":{"start":{"line":29,"column":22},"end":{"line":29,"column":23}},"loc":{"start":{"line":29,"column":28},"end":{"line":32,"column":3}},"line":29}},"branchMap":{"0":{"loc":{"start":{"line":34,"column":22},"end":{"line":34,"column":65}},"type":"binary-expr","locations":[{"start":{"line":34,"column":22},"end":{"line":34,"column":55}},{"start":{"line":34,"column":59},"end":{"line":34,"column":65}}],"line":34},"1":{"loc":{"start":{"line":38,"column":7},"end":{"line":44,"column":7}},"type":"binary-expr","locations":[{"start":{"line":38,"column":7},"end":{"line":38,"column":13}},{"start":{"line":39,"column":8},"end":{"line":43,"column":15}}],"line":38},"2":{"loc":{"start":{"line":52,"column":9},"end":{"line":52,"column":65}},"type":"binary-expr","locations":[{"start":{"line":52,"column":9},"end":{"line":52,"column":16}},{"start":{"line":52,"column":20},"end":{"line":52,"column":65}}],"line":52},"3":{"loc":{"start":{"line":53,"column":9},"end":{"line":55,"column":9}},"type":"binary-expr","locations":[{"start":{"line":53,"column":9},"end":{"line":53,"column":42}},{"start":{"line":54,"column":10},"end":{"line":54,"column":45}}],"line":53},"4":{"loc":{"start":{"line":60,"column":35},"end":{"line":60,"column":75}},"type":"binary-expr","locations":[{"start":{"line":60,"column":35},"end":{"line":60,"column":46}},{"start":{"line":60,"column":50},"end":{"line":60,"column":75}}],"line":60}},"s":{"0":2,"1":10,"2":10,"3":10,"4":10,"5":10,"6":10,"7":10,"8":1,"9":1,"10":10,"11":10},"f":{"0":10,"1":1},"b":{"0":[10,9],"1":[10,1],"2":[10,1],"3":[10,1],"4":[10,9]},"_coverageSchema":"1a1c01bbd47fc00a2c39e90264f33305004495a9","hash":"ac66ff0a81410dc7c876dd1f86886fd62ac6eb09"}
,"/Users/anduser/Documents/study/testtask/novitaq/src/screens/Home/Home.styles.ts": {"path":"/Users/anduser/Documents/study/testtask/novitaq/src/screens/Home/Home.styles.ts","statementMap":{"0":{"start":{"line":4,"column":26},"end":{"line":31,"column":2}}},"fnMap":{},"branchMap":{},"s":{"0":1},"f":{},"b":{},"_coverageSchema":"1a1c01bbd47fc00a2c39e90264f33305004495a9","hash":"f6b37ae8b98271c8dbb51244d2cd36e01aa886c4"}
,"/Users/anduser/Documents/study/testtask/novitaq/src/screens/Home/Home.tsx": {"path":"/Users/anduser/Documents/study/testtask/novitaq/src/screens/Home/Home.tsx","statementMap":{"0":{"start":{"line":9,"column":20},"end":{"line":27,"column":1}},"1":{"start":{"line":10,"column":20},"end":{"line":12,"column":3}},"2":{"start":{"line":11,"column":4},"end":{"line":11,"column":34}},"3":{"start":{"line":14,"column":2},"end":{"line":26,"column":4}}},"fnMap":{"0":{"name":"(anonymous_0)","decl":{"start":{"line":9,"column":20},"end":{"line":9,"column":21}},"loc":{"start":{"line":9,"column":49},"end":{"line":27,"column":1}},"line":9},"1":{"name":"(anonymous_1)","decl":{"start":{"line":10,"column":20},"end":{"line":10,"column":21}},"loc":{"start":{"line":10,"column":26},"end":{"line":12,"column":3}},"line":10}},"branchMap":{},"s":{"0":1,"1":2,"2":1,"3":2},"f":{"0":2,"1":1},"b":{},"_coverageSchema":"1a1c01bbd47fc00a2c39e90264f33305004495a9","hash":"efcf2e91556a214394efa7d720f1ccc7991eb5f4"}
,"/Users/anduser/Documents/study/testtask/novitaq/src/store/names/actions.ts": {"path":"/Users/anduser/Documents/study/testtask/novitaq/src/store/names/actions.ts","statementMap":{"0":{"start":{"line":10,"column":34},"end":{"line":10,"column":61}},"1":{"start":{"line":11,"column":34},"end":{"line":11,"column":61}},"2":{"start":{"line":12,"column":34},"end":{"line":12,"column":61}},"3":{"start":{"line":14,"column":32},"end":{"line":16,"column":2}},"4":{"start":{"line":14,"column":51},"end":{"line":16,"column":1}},"5":{"start":{"line":18,"column":32},"end":{"line":21,"column":2}},"6":{"start":{"line":18,"column":79},"end":{"line":21,"column":1}},"7":{"start":{"line":23,"column":32},"end":{"line":26,"column":2}},"8":{"start":{"line":23,"column":73},"end":{"line":26,"column":1}},"9":{"start":{"line":28,"column":25},"end":{"line":43,"column":1}},"10":{"start":{"line":28,"column":43},"end":{"line":43,"column":1}},"11":{"start":{"line":29,"column":2},"end":{"line":42,"column":3}},"12":{"start":{"line":30,"column":4},"end":{"line":30,"column":33}},"13":{"start":{"line":32,"column":21},"end":{"line":32,"column":53}},"14":{"start":{"line":33,"column":19},"end":{"line":33,"column":40}},"15":{"start":{"line":35,"column":4},"end":{"line":37,"column":5}},"16":{"start":{"line":36,"column":6},"end":{"line":36,"column":55}},"17":{"start":{"line":39,"column":4},"end":{"line":39,"column":39}},"18":{"start":{"line":41,"column":4},"end":{"line":41,"column":42}}},"fnMap":{"0":{"name":"(anonymous_0)","decl":{"start":{"line":14,"column":32},"end":{"line":14,"column":33}},"loc":{"start":{"line":14,"column":51},"end":{"line":16,"column":1}},"line":14},"1":{"name":"(anonymous_1)","decl":{"start":{"line":18,"column":32},"end":{"line":18,"column":33}},"loc":{"start":{"line":18,"column":79},"end":{"line":21,"column":1}},"line":18},"2":{"name":"(anonymous_2)","decl":{"start":{"line":23,"column":32},"end":{"line":23,"column":33}},"loc":{"start":{"line":23,"column":73},"end":{"line":26,"column":1}},"line":23},"3":{"name":"(anonymous_3)","decl":{"start":{"line":28,"column":25},"end":{"line":28,"column":26}},"loc":{"start":{"line":28,"column":43},"end":{"line":43,"column":1}},"line":28},"4":{"name":"(anonymous_4)","decl":{"start":{"line":28,"column":43},"end":{"line":28,"column":44}},"loc":{"start":{"line":28,"column":73},"end":{"line":43,"column":1}},"line":28}},"branchMap":{"0":{"loc":{"start":{"line":35,"column":4},"end":{"line":37,"column":5}},"type":"if","locations":[{"start":{"line":35,"column":4},"end":{"line":37,"column":5}},{"start":{},"end":{}}],"line":35},"1":{"loc":{"start":{"line":36,"column":22},"end":{"line":36,"column":53}},"type":"binary-expr","locations":[{"start":{"line":36,"column":22},"end":{"line":36,"column":34}},{"start":{"line":36,"column":38},"end":{"line":36,"column":53}}],"line":36}},"s":{"0":3,"1":3,"2":3,"3":3,"4":8,"5":3,"6":3,"7":3,"8":5,"9":3,"10":5,"11":5,"12":5,"13":5,"14":4,"15":3,"16":1,"17":2,"18":3},"f":{"0":8,"1":3,"2":5,"3":5,"4":5},"b":{"0":[1,2],"1":[1,1]},"_coverageSchema":"1a1c01bbd47fc00a2c39e90264f33305004495a9","hash":"ce80e2599b31b7e2bc1e92bd502740b690ab73c4"}
,"/Users/anduser/Documents/study/testtask/novitaq/src/store/names/selectors.ts": {"path":"/Users/anduser/Documents/study/testtask/novitaq/src/store/names/selectors.ts","statementMap":{"0":{"start":{"line":3,"column":26},"end":{"line":3,"column":59}},"1":{"start":{"line":3,"column":49},"end":{"line":3,"column":59}},"2":{"start":{"line":4,"column":28},"end":{"line":4,"column":63}},"3":{"start":{"line":4,"column":51},"end":{"line":4,"column":63}},"4":{"start":{"line":6,"column":35},"end":{"line":6,"column":78}},"5":{"start":{"line":6,"column":58},"end":{"line":6,"column":78}},"6":{"start":{"line":7,"column":34},"end":{"line":7,"column":76}},"7":{"start":{"line":7,"column":57},"end":{"line":7,"column":76}},"8":{"start":{"line":9,"column":29},"end":{"line":9,"column":71}},"9":{"start":{"line":9,"column":52},"end":{"line":9,"column":71}},"10":{"start":{"line":10,"column":33},"end":{"line":10,"column":79}},"11":{"start":{"line":10,"column":56},"end":{"line":10,"column":79}}},"fnMap":{"0":{"name":"(anonymous_0)","decl":{"start":{"line":3,"column":26},"end":{"line":3,"column":27}},"loc":{"start":{"line":3,"column":49},"end":{"line":3,"column":59}},"line":3},"1":{"name":"(anonymous_1)","decl":{"start":{"line":4,"column":28},"end":{"line":4,"column":29}},"loc":{"start":{"line":4,"column":51},"end":{"line":4,"column":63}},"line":4},"2":{"name":"(anonymous_2)","decl":{"start":{"line":6,"column":35},"end":{"line":6,"column":36}},"loc":{"start":{"line":6,"column":58},"end":{"line":6,"column":78}},"line":6},"3":{"name":"(anonymous_3)","decl":{"start":{"line":7,"column":34},"end":{"line":7,"column":35}},"loc":{"start":{"line":7,"column":57},"end":{"line":7,"column":76}},"line":7},"4":{"name":"(anonymous_4)","decl":{"start":{"line":9,"column":29},"end":{"line":9,"column":30}},"loc":{"start":{"line":9,"column":52},"end":{"line":9,"column":71}},"line":9},"5":{"name":"(anonymous_5)","decl":{"start":{"line":10,"column":33},"end":{"line":10,"column":34}},"loc":{"start":{"line":10,"column":56},"end":{"line":10,"column":79}},"line":10}},"branchMap":{},"s":{"0":2,"1":8,"2":2,"3":8,"4":2,"5":8,"6":2,"7":8,"8":2,"9":0,"10":2,"11":0},"f":{"0":8,"1":8,"2":8,"3":8,"4":0,"5":0},"b":{},"_coverageSchema":"1a1c01bbd47fc00a2c39e90264f33305004495a9","hash":"ebcad8bcdd40fc2361e847df27c712110e62b9e4"}
,"/Users/anduser/Documents/study/testtask/novitaq/src/store/names/types.ts": {"path":"/Users/anduser/Documents/study/testtask/novitaq/src/store/names/types.ts","statementMap":{},"fnMap":{},"branchMap":{},"s":{},"f":{},"b":{},"_coverageSchema":"1a1c01bbd47fc00a2c39e90264f33305004495a9","hash":"2a3c8c8100ef8ae1d0b3e1894db0585a4e105427"}
,"/Users/anduser/Documents/study/testtask/novitaq/src/utils/colors.ts": {"path":"/Users/anduser/Documents/study/testtask/novitaq/src/utils/colors.ts","statementMap":{"0":{"start":{"line":1,"column":22},"end":{"line":7,"column":1}}},"fnMap":{},"branchMap":{},"s":{"0":2},"f":{},"b":{},"_coverageSchema":"1a1c01bbd47fc00a2c39e90264f33305004495a9","hash":"105966b74fdc4d4555d02d37b6df69931b1cf68f"}
,"/Users/anduser/Documents/study/testtask/novitaq/src/utils/constants.ts": {"path":"/Users/anduser/Documents/study/testtask/novitaq/src/utils/constants.ts","statementMap":{"0":{"start":{"line":1,"column":23},"end":{"line":1,"column":55}}},"fnMap":{},"branchMap":{},"s":{"0":3},"f":{},"b":{},"_coverageSchema":"1a1c01bbd47fc00a2c39e90264f33305004495a9","hash":"5db96032bc24bcb818df8ca2a49b2474334c5d4a"}
,"/Users/anduser/Documents/study/testtask/novitaq/src/utils/createTestWrapper.tsx": {"path":"/Users/anduser/Documents/study/testtask/novitaq/src/utils/createTestWrapper.tsx","statementMap":{"0":{"start":{"line":8,"column":44},"end":{"line":19,"column":1}},"1":{"start":{"line":21,"column":25},"end":{"line":21,"column":49}},"2":{"start":{"line":22,"column":32},"end":{"line":22,"column":59}},"3":{"start":{"line":24,"column":33},"end":{"line":28,"column":1}},"4":{"start":{"line":25,"column":2},"end":{"line":27,"column":4}},"5":{"start":{"line":26,"column":4},"end":{"line":26,"column":53}}},"fnMap":{"0":{"name":"(anonymous_0)","decl":{"start":{"line":24,"column":33},"end":{"line":24,"column":34}},"loc":{"start":{"line":24,"column":67},"end":{"line":28,"column":1}},"line":24},"1":{"name":"(anonymous_1)","decl":{"start":{"line":25,"column":9},"end":{"line":25,"column":10}},"loc":{"start":{"line":26,"column":4},"end":{"line":26,"column":53}},"line":26}},"branchMap":{"0":{"loc":{"start":{"line":24,"column":34},"end":{"line":24,"column":62}},"type":"default-arg","locations":[{"start":{"line":24,"column":46},"end":{"line":24,"column":62}}],"line":24}},"s":{"0":2,"1":2,"2":2,"3":2,"4":5,"5":8},"f":{"0":5,"1":8},"b":{"0":[2]},"_coverageSchema":"1a1c01bbd47fc00a2c39e90264f33305004495a9","hash":"4dae459a134a0cae08512acaa1df34b26ca854a8"}
}
