TN:
SF:src/components/Form/Form.styles.ts
FNF:0
FNH:0
DA:4,2
LF:1
LH:1
BRF:0
BRH:0
end_of_record
TN:
SF:src/components/Form/Form.tsx
FN:20,(anonymous_0)
FN:29,(anonymous_1)
FNF:2
FNH:2
FNDA:10,(anonymous_0)
FNDA:1,(anonymous_1)
DA:20,2
DA:21,10
DA:22,10
DA:23,10
DA:24,10
DA:25,10
DA:27,10
DA:29,10
DA:30,1
DA:31,1
DA:34,10
DA:36,10
LF:12
LH:12
BRDA:34,0,0,10
BRDA:34,0,1,9
BRDA:38,1,0,10
BRDA:38,1,1,1
BRDA:52,2,0,10
BRDA:52,2,1,1
BRDA:53,3,0,10
BRDA:53,3,1,1
BRDA:60,4,0,10
BRDA:60,4,1,9
BRF:10
BRH:10
end_of_record
TN:
SF:src/screens/Home/Home.styles.ts
FNF:0
FNH:0
DA:4,1
LF:1
LH:1
BRF:0
BRH:0
end_of_record
TN:
SF:src/screens/Home/Home.tsx
FN:9,(anonymous_0)
FN:10,(anonymous_1)
FNF:2
FNH:2
FNDA:2,(anonymous_0)
FNDA:1,(anonymous_1)
DA:9,1
DA:10,2
DA:11,1
DA:14,2
LF:4
LH:4
BRF:0
BRH:0
end_of_record
TN:
SF:src/store/names/actions.ts
FN:14,(anonymous_0)
FN:18,(anonymous_1)
FN:23,(anonymous_2)
FN:28,(anonymous_3)
FN:28,(anonymous_4)
FNF:5
FNH:5
FNDA:8,(anonymous_0)
FNDA:3,(anonymous_1)
FNDA:5,(anonymous_2)
FNDA:5,(anonymous_3)
FNDA:5,(anonymous_4)
DA:10,3
DA:11,3
DA:12,3
DA:14,8
DA:18,3
DA:23,5
DA:28,5
DA:29,5
DA:30,5
DA:32,5
DA:33,4
DA:35,3
DA:36,1
DA:39,2
DA:41,3
LF:15
LH:15
BRDA:35,0,0,1
BRDA:35,0,1,2
BRDA:36,1,0,1
BRDA:36,1,1,1
BRF:4
BRH:4
end_of_record
TN:
SF:src/store/names/selectors.ts
FN:3,(anonymous_0)
FN:4,(anonymous_1)
FN:6,(anonymous_2)
FN:7,(anonymous_3)
FN:9,(anonymous_4)
FN:10,(anonymous_5)
FNF:6
FNH:4
FNDA:8,(anonymous_0)
FNDA:8,(anonymous_1)
FNDA:8,(anonymous_2)
FNDA:8,(anonymous_3)
FNDA:0,(anonymous_4)
FNDA:0,(anonymous_5)
DA:3,8
DA:4,8
DA:6,8
DA:7,8
DA:9,2
DA:10,2
LF:6
LH:6
BRF:0
BRH:0
end_of_record
TN:
SF:src/store/names/types.ts
FNF:0
FNH:0
LF:0
LH:0
BRF:0
BRH:0
end_of_record
TN:
SF:src/utils/colors.ts
FNF:0
FNH:0
DA:1,2
LF:1
LH:1
BRF:0
BRH:0
end_of_record
TN:
SF:src/utils/constants.ts
FNF:0
FNH:0
DA:1,3
LF:1
LH:1
BRF:0
BRH:0
end_of_record
TN:
SF:src/utils/createTestWrapper.tsx
FN:24,(anonymous_0)
FN:25,(anonymous_1)
FNF:2
FNH:2
FNDA:5,(anonymous_0)
FNDA:8,(anonymous_1)
DA:8,2
DA:21,2
DA:22,2
DA:24,2
DA:25,5
DA:26,8
LF:6
LH:6
BRDA:24,0,0,2
BRF:1
BRH:1
end_of_record
TN:
SF:src/utils/getMostPopular.ts
FN:1,(anonymous_0)
FN:6,(anonymous_1)
FNF:2
FNH:2
FNDA:3,(anonymous_0)
FNDA:8,(anonymous_1)
DA:1,1
DA:2,3
DA:3,3
DA:4,1
DA:6,2
DA:7,8
DA:8,1
DA:11,7
LF:8
LH:8
BRDA:3,0,0,1
BRDA:3,0,1,2
BRDA:7,1,0,1
BRDA:7,1,1,7
BRF:4
BRH:4
end_of_record
